<?xml version="1.0" encoding="UTF-8"?>
<!-- Generated by org.testng.reporters.JUnitXMLReporter -->
<testsuite ignored="16" hostname="PUN-LAP-DANGAT" failures="1" tests="1" name="Default test" time="18.255" errors="0" timestamp="2025-03-20T16:08:23 IST">
  <testcase classname="TestPractice.PracticeAutomationTest" name="home_page_Arrivals_Images_Reviews" time="16.082">
    <failure type="org.openqa.selenium.NoSuchElementException" message="no such element: Unable to locate element: {&amp;quot;method&amp;quot;:&amp;quot;xpath&amp;quot;,&amp;quot;selector&amp;quot;:&amp;quot;//li[@class=&amp;apos;reviews_tab active&amp;apos;]/a&amp;quot;}
  (Session info: chrome=134.0.6998.117)
For documentation on this error, please visit: https://www.selenium.dev/documentation/webdriver/troubleshooting/errors#no-such-element-exception
Build info: version: &amp;apos;4.29.0&amp;apos;, revision: &amp;apos;5fc1ec94cb&amp;apos;
System info: os.name: &amp;apos;Windows 10&amp;apos;, os.arch: &amp;apos;amd64&amp;apos;, os.version: &amp;apos;10.0&amp;apos;, java.version: &amp;apos;22.0.2&amp;apos;
Driver info: org.openqa.selenium.chrome.ChromeDriver
Command: [2f75873678432317e116dd8177f7c6a5, findElement {using=xpath, value=//li[@class=&amp;apos;reviews_tab active&amp;apos;]/a}]
Capabilities {acceptInsecureCerts: false, browserName: chrome, browserVersion: 134.0.6998.117, chrome: {chromedriverVersion: 134.0.6998.90 (219ee74681fc..., userDataDir: C:\Users\tdangat\AppData\Lo...}, fedcm:accounts: true, goog:chromeOptions: {debuggerAddress: localhost:52272}, networkConnectionEnabled: false, pageLoadStrategy: normal, platformName: windows, proxy: Proxy(), se:cdp: ws://localhost:52272/devtoo..., se:cdpVersion: 134.0.6998.117, setWindowRect: true, strictFileInteractability: false, timeouts: {implicit: 0, pageLoad: 300000, script: 30000}, unhandledPromptBehavior: dismiss and notify, webauthn:extension:credBlob: true, webauthn:extension:largeBlob: true, webauthn:extension:minPinLength: true, webauthn:extension:prf: true, webauthn:virtualAuthenticators: true}
Session ID: 2f75873678432317e116dd8177f7c6a5">
      <![CDATA[org.openqa.selenium.NoSuchElementException: no such element: Unable to locate element: {"method":"xpath","selector":"//li[@class='reviews_tab active']/a"}
  (Session info: chrome=134.0.6998.117)
For documentation on this error, please visit: https://www.selenium.dev/documentation/webdriver/troubleshooting/errors#no-such-element-exception
Build info: version: '4.29.0', revision: '5fc1ec94cb'
System info: os.name: 'Windows 10', os.arch: 'amd64', os.version: '10.0', java.version: '22.0.2'
Driver info: org.openqa.selenium.chrome.ChromeDriver
Command: [2f75873678432317e116dd8177f7c6a5, findElement {using=xpath, value=//li[@class='reviews_tab active']/a}]
Capabilities {acceptInsecureCerts: false, browserName: chrome, browserVersion: 134.0.6998.117, chrome: {chromedriverVersion: 134.0.6998.90 (219ee74681fc..., userDataDir: C:\Users\tdangat\AppData\Lo...}, fedcm:accounts: true, goog:chromeOptions: {debuggerAddress: localhost:52272}, networkConnectionEnabled: false, pageLoadStrategy: normal, platformName: windows, proxy: Proxy(), se:cdp: ws://localhost:52272/devtoo..., se:cdpVersion: 134.0.6998.117, setWindowRect: true, strictFileInteractability: false, timeouts: {implicit: 0, pageLoad: 300000, script: 30000}, unhandledPromptBehavior: dismiss and notify, webauthn:extension:credBlob: true, webauthn:extension:largeBlob: true, webauthn:extension:minPinLength: true, webauthn:extension:prf: true, webauthn:virtualAuthenticators: true}
Session ID: 2f75873678432317e116dd8177f7c6a5
at java.base/jdk.internal.reflect.DirectConstructorHandleAccessor.newInstance(DirectConstructorHandleAccessor.java:62)
at java.base/java.lang.reflect.Constructor.newInstanceWithCaller(Constructor.java:502)
at java.base/java.lang.reflect.Constructor.newInstance(Constructor.java:486)
at org.openqa.selenium.remote.ErrorCodec.decode(ErrorCodec.java:167)
at org.openqa.selenium.remote.codec.w3c.W3CHttpResponseCodec.decode(W3CHttpResponseCodec.java:138)
at org.openqa.selenium.remote.codec.w3c.W3CHttpResponseCodec.decode(W3CHttpResponseCodec.java:50)
at org.openqa.selenium.remote.HttpCommandExecutor.execute(HttpCommandExecutor.java:215)
at org.openqa.selenium.remote.service.DriverCommandExecutor.invokeExecute(DriverCommandExecutor.java:216)
at org.openqa.selenium.remote.service.DriverCommandExecutor.execute(DriverCommandExecutor.java:174)
at org.openqa.selenium.remote.RemoteWebDriver.execute(RemoteWebDriver.java:545)
at org.openqa.selenium.remote.ElementLocation$ElementFinder$2.findElement(ElementLocation.java:165)
at org.openqa.selenium.remote.ElementLocation.findElement(ElementLocation.java:59)
at org.openqa.selenium.remote.RemoteWebDriver.findElement(RemoteWebDriver.java:368)
at org.openqa.selenium.remote.RemoteWebDriver.findElement(RemoteWebDriver.java:362)
at org.openqa.selenium.support.pagefactory.DefaultElementLocator.findElement(DefaultElementLocator.java:68)
at org.openqa.selenium.support.pagefactory.internal.LocatingElementHandler.invoke(LocatingElementHandler.java:38)
at jdk.proxy2/jdk.proxy2.$Proxy12.click(Unknown Source)
at TestPractice.PracticeAutomationFact.setReviewBtn(PracticeAutomationFact.java:194)
at TestPractice.PracticeAutomationTest.home_page_Arrivals_Images_Reviews(PracticeAutomationTest.java:83)
at java.base/jdk.internal.reflect.DirectMethodHandleAccessor.invoke(DirectMethodHandleAccessor.java:103)
at java.base/java.lang.reflect.Method.invoke(Method.java:580)
at org.testng.internal.invokers.MethodInvocationHelper.invokeMethod(MethodInvocationHelper.java:141)
at org.testng.internal.invokers.TestInvoker.invokeMethod(TestInvoker.java:687)
at org.testng.internal.invokers.TestInvoker.invokeTestMethod(TestInvoker.java:230)
at org.testng.internal.invokers.MethodRunner.runInSequence(MethodRunner.java:63)
at org.testng.internal.invokers.TestInvoker$MethodInvocationAgent.invoke(TestInvoker.java:995)
at org.testng.internal.invokers.TestInvoker.invokeTestMethods(TestInvoker.java:203)
at org.testng.internal.invokers.TestMethodWorker.invokeTestMethods(TestMethodWorker.java:154)
at org.testng.internal.invokers.TestMethodWorker.run(TestMethodWorker.java:134)
at java.base/java.util.ArrayList.forEach(ArrayList.java:1597)
at org.testng.TestRunner.privateRun(TestRunner.java:741)
at org.testng.TestRunner.run(TestRunner.java:616)
at org.testng.SuiteRunner.runTest(SuiteRunner.java:421)
at org.testng.SuiteRunner.runSequentially(SuiteRunner.java:413)
at org.testng.SuiteRunner.privateRun(SuiteRunner.java:373)
at org.testng.SuiteRunner.run(SuiteRunner.java:312)
at org.testng.SuiteRunnerWorker.runSuite(SuiteRunnerWorker.java:52)
at org.testng.SuiteRunnerWorker.run(SuiteRunnerWorker.java:95)
at org.testng.TestNG.runSuitesSequentially(TestNG.java:1274)
at org.testng.TestNG.runSuitesLocally(TestNG.java:1208)
at org.testng.TestNG.runSuites(TestNG.java:1112)
at org.testng.TestNG.run(TestNG.java:1079)
at org.testng.remote.AbstractRemoteTestNG.run(AbstractRemoteTestNG.java:115)
at org.testng.remote.RemoteTestNG.initAndRun(RemoteTestNG.java:293)
at org.testng.remote.RemoteTestNG.main(RemoteTestNG.java:91)
]]>
    </failure>
  </testcase> <!-- home_page_Arrivals_Images_Reviews -->
  <testcase classname="TestPractice.PracticeAutomationTest" name="home_Arrivals_Add_to_Basket_Items_Check_out_Total_and_Sub_total_condition" time="0.0">
    <ignored/>
  </testcase> <!-- home_Arrivals_Add_to_Basket_Items_Check_out_Total_and_Sub_total_condition -->
  <testcase classname="TestPractice.PracticeAutomationTest" name="home_Arrivals_Add_to_Basket_Items_Check_out_functionality" time="0.0">
    <ignored/>
  </testcase> <!-- home_Arrivals_Add_to_Basket_Items_Check_out_functionality -->
  <testcase classname="TestPractice.PracticeAutomationTest" name="home_Arrivals_Add_to_Basket_Items_Coupon_value_less_than_450" time="0.0">
    <ignored/>
  </testcase> <!-- home_Arrivals_Add_to_Basket_Items_Coupon_value_less_than_450 -->
  <testcase classname="TestPractice.PracticeAutomationTest" name="home_Arrivals_Add_to_Basket_Items_Check_out_Book_Final_price" time="0.0">
    <ignored/>
  </testcase> <!-- home_Arrivals_Add_to_Basket_Items_Check_out_Book_Final_price -->
  <testcase classname="TestPractice.PracticeAutomationTest" name="home_Arrivals_Add_to_Basket_Items_Check_out_Update_Basket" time="0.0">
    <ignored/>
  </testcase> <!-- home_Arrivals_Add_to_Basket_Items_Check_out_Update_Basket -->
  <testcase classname="TestPractice.PracticeAutomationTest" name="home_Arrivals_Add_to_Basket_Items_Remove_book" time="0.0">
    <ignored/>
  </testcase> <!-- home_Arrivals_Add_to_Basket_Items_Remove_book -->
  <testcase classname="TestPractice.PracticeAutomationTest" name="homepage_Arrivals_Images_Add_to_Basket" time="0.0">
    <ignored/>
  </testcase> <!-- homepage_Arrivals_Images_Add_to_Basket -->
  <testcase classname="TestPractice.PracticeAutomationTest" name="home_page_with_three_Arrivals_only" time="0.0">
    <ignored/>
  </testcase> <!-- home_page_with_three_Arrivals_only -->
  <testcase classname="TestPractice.PracticeAutomationTest" name="home_Arrivals_Add_to_Basket_Items_Check_out_Payment_Gateway_Place_order" time="0.0">
    <ignored/>
  </testcase> <!-- home_Arrivals_Add_to_Basket_Items_Check_out_Payment_Gateway_Place_order -->
  <testcase classname="TestPractice.PracticeAutomationTest" name="home_page_Images_in_Arrivals_should_navigate" time="0.0">
    <ignored/>
  </testcase> <!-- home_page_Images_in_Arrivals_should_navigate -->
  <testcase classname="TestPractice.PracticeAutomationTest" name="home_Arrivals_Add_to_Basket_Items_Check_out_Payment_Gateway" time="0.0">
    <ignored/>
  </testcase> <!-- home_Arrivals_Add_to_Basket_Items_Check_out_Payment_Gateway -->
  <testcase classname="TestPractice.PracticeAutomationTest" name="home_Page_with_three_Sliders_only" time="0.0">
    <ignored/>
  </testcase> <!-- home_Page_with_three_Sliders_only -->
  <testcase classname="TestPractice.PracticeAutomationTest" name="home_Arrivals_Add_to_Basket_Items_Add_book" time="0.0">
    <ignored/>
  </testcase> <!-- home_Arrivals_Add_to_Basket_Items_Add_book -->
  <testcase classname="TestPractice.PracticeAutomationTest" name="home_Arrivals_Add_to_Basket_Items" time="0.0">
    <ignored/>
  </testcase> <!-- home_Arrivals_Add_to_Basket_Items -->
  <testcase classname="TestPractice.PracticeAutomationTest" name="home_Arrivals_Add_to_Basket_Items_Coupon" time="0.0">
    <ignored/>
  </testcase> <!-- home_Arrivals_Add_to_Basket_Items_Coupon -->
  <testcase classname="TestPractice.PracticeAutomationTest" name="home_page_Arrivals_Images_Description" time="0.0">
    <ignored/>
  </testcase> <!-- home_page_Arrivals_Images_Description -->
</testsuite> <!-- Default test -->
